<?xml version="1.0" encoding="UTF-8"?>
<testsuite name="com.dithok.login.LoginApplicationTests" tests="1" skipped="0" failures="0" errors="0" timestamp="2019-09-04T18:01:11" hostname="ruru101" time="0.135">
  <properties/>
  <testcase name="contextLoads" classname="com.dithok.login.LoginApplicationTests" time="0.135"/>
  <system-out><![CDATA[23:31:08.003 [Test worker] DEBUG org.springframework.test.context.junit4.SpringJUnit4ClassRunner - SpringJUnit4ClassRunner constructor called with [class com.dithok.login.LoginApplicationTests]
23:31:08.011 [Test worker] DEBUG org.springframework.test.context.BootstrapUtils - Instantiating CacheAwareContextLoaderDelegate from class [org.springframework.test.context.cache.DefaultCacheAwareContextLoaderDelegate]
23:31:08.018 [Test worker] DEBUG org.springframework.test.context.BootstrapUtils - Instantiating BootstrapContext using constructor [public org.springframework.test.context.support.DefaultBootstrapContext(java.lang.Class,org.springframework.test.context.CacheAwareContextLoaderDelegate)]
23:31:08.037 [Test worker] DEBUG org.springframework.test.context.BootstrapUtils - Instantiating TestContextBootstrapper for test class [com.dithok.login.LoginApplicationTests] from class [org.springframework.boot.test.context.SpringBootTestContextBootstrapper]
23:31:08.049 [Test worker] INFO org.springframework.boot.test.context.SpringBootTestContextBootstrapper - Neither @ContextConfiguration nor @ContextHierarchy found for test class [com.dithok.login.LoginApplicationTests], using SpringBootContextLoader
23:31:08.051 [Test worker] DEBUG org.springframework.test.context.support.AbstractContextLoader - Did not detect default resource location for test class [com.dithok.login.LoginApplicationTests]: class path resource [com/dithok/login/LoginApplicationTests-context.xml] does not exist
23:31:08.052 [Test worker] DEBUG org.springframework.test.context.support.AbstractContextLoader - Did not detect default resource location for test class [com.dithok.login.LoginApplicationTests]: class path resource [com/dithok/login/LoginApplicationTestsContext.groovy] does not exist
23:31:08.052 [Test worker] INFO org.springframework.test.context.support.AbstractContextLoader - Could not detect default resource locations for test class [com.dithok.login.LoginApplicationTests]: no resource found for suffixes {-context.xml, Context.groovy}.
23:31:08.053 [Test worker] INFO org.springframework.test.context.support.AnnotationConfigContextLoaderUtils - Could not detect default configuration classes for test class [com.dithok.login.LoginApplicationTests]: LoginApplicationTests does not declare any static, non-private, non-final, nested classes annotated with @Configuration.
23:31:08.101 [Test worker] DEBUG org.springframework.test.context.support.ActiveProfilesUtils - Could not find an 'annotation declaring class' for annotation type [org.springframework.test.context.ActiveProfiles] and class [com.dithok.login.LoginApplicationTests]
23:31:08.160 [Test worker] DEBUG org.springframework.context.annotation.ClassPathScanningCandidateComponentProvider - Identified candidate component class: file [/home/ruru/bootcamp/Spring/login/build/classes/java/main/com/dithok/login/LoginApplication.class]
23:31:08.161 [Test worker] INFO org.springframework.boot.test.context.SpringBootTestContextBootstrapper - Found @SpringBootConfiguration com.dithok.login.LoginApplication for test class com.dithok.login.LoginApplicationTests
23:31:08.228 [Test worker] DEBUG org.springframework.boot.test.context.SpringBootTestContextBootstrapper - @TestExecutionListeners is not present for class [com.dithok.login.LoginApplicationTests]: using defaults.
23:31:08.228 [Test worker] INFO org.springframework.boot.test.context.SpringBootTestContextBootstrapper - Loaded default TestExecutionListener class names from location [META-INF/spring.factories]: [org.springframework.boot.test.autoconfigure.restdocs.RestDocsTestExecutionListener, org.springframework.boot.test.autoconfigure.web.client.MockRestServiceServerResetTestExecutionListener, org.springframework.boot.test.autoconfigure.web.servlet.MockMvcPrintOnlyOnFailureTestExecutionListener, org.springframework.boot.test.autoconfigure.web.servlet.WebDriverTestExecutionListener, org.springframework.boot.test.mock.mockito.MockitoTestExecutionListener, org.springframework.boot.test.mock.mockito.ResetMocksTestExecutionListener, org.springframework.test.context.web.ServletTestExecutionListener, org.springframework.test.context.support.DirtiesContextBeforeModesTestExecutionListener, org.springframework.test.context.support.DependencyInjectionTestExecutionListener, org.springframework.test.context.support.DirtiesContextTestExecutionListener, org.springframework.test.context.transaction.TransactionalTestExecutionListener, org.springframework.test.context.jdbc.SqlScriptsTestExecutionListener]
23:31:08.238 [Test worker] INFO org.springframework.boot.test.context.SpringBootTestContextBootstrapper - Using TestExecutionListeners: [org.springframework.test.context.web.ServletTestExecutionListener@66c3d0c5, org.springframework.test.context.support.DirtiesContextBeforeModesTestExecutionListener@7041ba00, org.springframework.boot.test.mock.mockito.MockitoTestExecutionListener@23fa8c95, org.springframework.boot.test.autoconfigure.SpringBootDependencyInjectionTestExecutionListener@22ae20d, org.springframework.test.context.support.DirtiesContextTestExecutionListener@7a174f75, org.springframework.test.context.transaction.TransactionalTestExecutionListener@77b7b8d, org.springframework.test.context.jdbc.SqlScriptsTestExecutionListener@7092c1d3, org.springframework.boot.test.autoconfigure.restdocs.RestDocsTestExecutionListener@257d7f46, org.springframework.boot.test.autoconfigure.web.client.MockRestServiceServerResetTestExecutionListener@6551e07b, org.springframework.boot.test.autoconfigure.web.servlet.MockMvcPrintOnlyOnFailureTestExecutionListener@392a484f, org.springframework.boot.test.autoconfigure.web.servlet.WebDriverTestExecutionListener@5f508ae0, org.springframework.boot.test.mock.mockito.ResetMocksTestExecutionListener@11995903]
23:31:08.241 [Test worker] DEBUG org.springframework.test.annotation.ProfileValueUtils - Retrieved @ProfileValueSourceConfiguration [null] for test class [com.dithok.login.LoginApplicationTests]
23:31:08.241 [Test worker] DEBUG org.springframework.test.annotation.ProfileValueUtils - Retrieved ProfileValueSource type [class org.springframework.test.annotation.SystemProfileValueSource] for class [com.dithok.login.LoginApplicationTests]
23:31:08.241 [Test worker] DEBUG org.springframework.test.annotation.ProfileValueUtils - Retrieved @ProfileValueSourceConfiguration [null] for test class [com.dithok.login.LoginApplicationTests]
23:31:08.242 [Test worker] DEBUG org.springframework.test.annotation.ProfileValueUtils - Retrieved ProfileValueSource type [class org.springframework.test.annotation.SystemProfileValueSource] for class [com.dithok.login.LoginApplicationTests]
23:31:08.244 [Test worker] DEBUG org.springframework.test.context.support.AbstractDirtiesContextTestExecutionListener - Before test class: context [DefaultTestContext@727e2ee testClass = LoginApplicationTests, testInstance = [null], testMethod = [null], testException = [null], mergedContextConfiguration = [WebMergedContextConfiguration@50dd9c20 testClass = LoginApplicationTests, locations = '{}', classes = '{class com.dithok.login.LoginApplication}', contextInitializerClasses = '[]', activeProfiles = '{}', propertySourceLocations = '{}', propertySourceProperties = '{org.springframework.boot.test.context.SpringBootTestContextBootstrapper=true}', contextCustomizers = set[org.springframework.boot.test.autoconfigure.properties.PropertyMappingContextCustomizer@0, org.springframework.boot.test.autoconfigure.web.servlet.WebDriverContextCustomizerFactory$Customizer@62681bc, org.springframework.boot.test.context.filter.ExcludeFilterContextCustomizer@3cb0e6dd, org.springframework.boot.test.json.DuplicateJsonObjectContextCustomizerFactory$DuplicateJsonObjectContextCustomizer@6e2c4db8, org.springframework.boot.test.mock.mockito.MockitoContextCustomizer@0, org.springframework.boot.test.web.client.TestRestTemplateContextCustomizer@67f27715], resourceBasePath = 'src/main/webapp', contextLoader = 'org.springframework.boot.test.context.SpringBootContextLoader', parent = [null]], attributes = map['org.springframework.test.context.web.ServletTestExecutionListener.activateListener' -> true]], class annotated with @DirtiesContext [false] with mode [null].
23:31:08.245 [Test worker] DEBUG org.springframework.test.annotation.ProfileValueUtils - Retrieved @ProfileValueSourceConfiguration [null] for test class [com.dithok.login.LoginApplicationTests]
23:31:08.245 [Test worker] DEBUG org.springframework.test.annotation.ProfileValueUtils - Retrieved ProfileValueSource type [class org.springframework.test.annotation.SystemProfileValueSource] for class [com.dithok.login.LoginApplicationTests]
23:31:08.257 [Test worker] DEBUG org.springframework.test.context.support.TestPropertySourceUtils - Adding inlined properties to environment: {spring.jmx.enabled=false, org.springframework.boot.test.context.SpringBootTestContextBootstrapper=true, server.port=-1}

  .   ____          _            __ _ _
 /\\ / ___'_ __ _ _(_)_ __  __ _ \ \ \ \
( ( )\___ | '_ | '_| | '_ \/ _` | \ \ \ \
 \\/  ___)| |_)| | | | | || (_| |  ) ) ) )
  '  |____| .__|_| |_|_| |_\__, | / / / /
 =========|_|==============|___/=/_/_/_/
 :: Spring Boot ::        (v2.1.7.RELEASE)

2019-09-04 23:31:08.464  INFO 22087 --- [    Test worker] com.dithok.login.LoginApplicationTests   : Starting LoginApplicationTests on ruru101 with PID 22087 (started by ruru in /home/ruru/bootcamp/Spring/login)
2019-09-04 23:31:08.466  INFO 22087 --- [    Test worker] com.dithok.login.LoginApplicationTests   : No active profile set, falling back to default profiles: default
2019-09-04 23:31:10.060  INFO 22087 --- [    Test worker] trationDelegate$BeanPostProcessorChecker : Bean 'org.springframework.hateoas.config.HateoasConfiguration' of type [org.springframework.hateoas.config.HateoasConfiguration$$EnhancerBySpringCGLIB$$460b48ae] is not eligible for getting processed by all BeanPostProcessors (for example: not eligible for auto-proxying)
2019-09-04 23:31:11.088  INFO 22087 --- [    Test worker] o.s.s.concurrent.ThreadPoolTaskExecutor  : Initializing ExecutorService 'applicationTaskExecutor'
2019-09-04 23:31:11.488  INFO 22087 --- [    Test worker] com.dithok.login.LoginApplicationTests   : Started LoginApplicationTests in 3.227 seconds (JVM running for 3.979)
]]></system-out>
  <system-err><![CDATA[]]></system-err>
</testsuite>
