<?xml version="1.0" encoding="UTF-8"?>
<testsuite name="com.dithok.login.LoginApplicationTests" tests="1" skipped="0" failures="0" errors="0" timestamp="2019-09-03T20:28:12" hostname="ruru101" time="0.139">
  <properties/>
  <testcase name="contextLoads" classname="com.dithok.login.LoginApplicationTests" time="0.139"/>
  <system-out><![CDATA[01:58:08.399 [Test worker] DEBUG org.springframework.test.context.junit4.SpringJUnit4ClassRunner - SpringJUnit4ClassRunner constructor called with [class com.dithok.login.LoginApplicationTests]
01:58:08.405 [Test worker] DEBUG org.springframework.test.context.BootstrapUtils - Instantiating CacheAwareContextLoaderDelegate from class [org.springframework.test.context.cache.DefaultCacheAwareContextLoaderDelegate]
01:58:08.411 [Test worker] DEBUG org.springframework.test.context.BootstrapUtils - Instantiating BootstrapContext using constructor [public org.springframework.test.context.support.DefaultBootstrapContext(java.lang.Class,org.springframework.test.context.CacheAwareContextLoaderDelegate)]
01:58:08.426 [Test worker] DEBUG org.springframework.test.context.BootstrapUtils - Instantiating TestContextBootstrapper for test class [com.dithok.login.LoginApplicationTests] from class [org.springframework.boot.test.context.SpringBootTestContextBootstrapper]
01:58:08.434 [Test worker] INFO org.springframework.boot.test.context.SpringBootTestContextBootstrapper - Neither @ContextConfiguration nor @ContextHierarchy found for test class [com.dithok.login.LoginApplicationTests], using SpringBootContextLoader
01:58:08.436 [Test worker] DEBUG org.springframework.test.context.support.AbstractContextLoader - Did not detect default resource location for test class [com.dithok.login.LoginApplicationTests]: class path resource [com/dithok/login/LoginApplicationTests-context.xml] does not exist
01:58:08.437 [Test worker] DEBUG org.springframework.test.context.support.AbstractContextLoader - Did not detect default resource location for test class [com.dithok.login.LoginApplicationTests]: class path resource [com/dithok/login/LoginApplicationTestsContext.groovy] does not exist
01:58:08.437 [Test worker] INFO org.springframework.test.context.support.AbstractContextLoader - Could not detect default resource locations for test class [com.dithok.login.LoginApplicationTests]: no resource found for suffixes {-context.xml, Context.groovy}.
01:58:08.438 [Test worker] INFO org.springframework.test.context.support.AnnotationConfigContextLoaderUtils - Could not detect default configuration classes for test class [com.dithok.login.LoginApplicationTests]: LoginApplicationTests does not declare any static, non-private, non-final, nested classes annotated with @Configuration.
01:58:08.567 [Test worker] DEBUG org.springframework.test.context.support.ActiveProfilesUtils - Could not find an 'annotation declaring class' for annotation type [org.springframework.test.context.ActiveProfiles] and class [com.dithok.login.LoginApplicationTests]
01:58:08.795 [Test worker] DEBUG org.springframework.context.annotation.ClassPathScanningCandidateComponentProvider - Identified candidate component class: file [/home/ruru/bootcamp/Spring/login/build/classes/java/main/com/dithok/login/LoginApplication.class]
01:58:08.796 [Test worker] INFO org.springframework.boot.test.context.SpringBootTestContextBootstrapper - Found @SpringBootConfiguration com.dithok.login.LoginApplication for test class com.dithok.login.LoginApplicationTests
01:58:08.898 [Test worker] DEBUG org.springframework.boot.test.context.SpringBootTestContextBootstrapper - @TestExecutionListeners is not present for class [com.dithok.login.LoginApplicationTests]: using defaults.
01:58:08.899 [Test worker] INFO org.springframework.boot.test.context.SpringBootTestContextBootstrapper - Loaded default TestExecutionListener class names from location [META-INF/spring.factories]: [org.springframework.boot.test.autoconfigure.restdocs.RestDocsTestExecutionListener, org.springframework.boot.test.autoconfigure.web.client.MockRestServiceServerResetTestExecutionListener, org.springframework.boot.test.autoconfigure.web.servlet.MockMvcPrintOnlyOnFailureTestExecutionListener, org.springframework.boot.test.autoconfigure.web.servlet.WebDriverTestExecutionListener, org.springframework.boot.test.mock.mockito.MockitoTestExecutionListener, org.springframework.boot.test.mock.mockito.ResetMocksTestExecutionListener, org.springframework.test.context.web.ServletTestExecutionListener, org.springframework.test.context.support.DirtiesContextBeforeModesTestExecutionListener, org.springframework.test.context.support.DependencyInjectionTestExecutionListener, org.springframework.test.context.support.DirtiesContextTestExecutionListener, org.springframework.test.context.transaction.TransactionalTestExecutionListener, org.springframework.test.context.jdbc.SqlScriptsTestExecutionListener]
01:58:08.920 [Test worker] INFO org.springframework.boot.test.context.SpringBootTestContextBootstrapper - Using TestExecutionListeners: [org.springframework.test.context.web.ServletTestExecutionListener@6574fccc, org.springframework.test.context.support.DirtiesContextBeforeModesTestExecutionListener@299c097d, org.springframework.boot.test.mock.mockito.MockitoTestExecutionListener@2d28a04a, org.springframework.boot.test.autoconfigure.SpringBootDependencyInjectionTestExecutionListener@11c551ce, org.springframework.test.context.support.DirtiesContextTestExecutionListener@53155da6, org.springframework.test.context.transaction.TransactionalTestExecutionListener@1a0b6158, org.springframework.test.context.jdbc.SqlScriptsTestExecutionListener@7249a8a3, org.springframework.boot.test.autoconfigure.restdocs.RestDocsTestExecutionListener@4939dc05, org.springframework.boot.test.autoconfigure.web.client.MockRestServiceServerResetTestExecutionListener@303850e9, org.springframework.boot.test.autoconfigure.web.servlet.MockMvcPrintOnlyOnFailureTestExecutionListener@71f8f617, org.springframework.boot.test.autoconfigure.web.servlet.WebDriverTestExecutionListener@4e4b543b, org.springframework.boot.test.mock.mockito.ResetMocksTestExecutionListener@49957003]
01:58:08.923 [Test worker] DEBUG org.springframework.test.annotation.ProfileValueUtils - Retrieved @ProfileValueSourceConfiguration [null] for test class [com.dithok.login.LoginApplicationTests]
01:58:08.924 [Test worker] DEBUG org.springframework.test.annotation.ProfileValueUtils - Retrieved ProfileValueSource type [class org.springframework.test.annotation.SystemProfileValueSource] for class [com.dithok.login.LoginApplicationTests]
01:58:08.925 [Test worker] DEBUG org.springframework.test.annotation.ProfileValueUtils - Retrieved @ProfileValueSourceConfiguration [null] for test class [com.dithok.login.LoginApplicationTests]
01:58:08.925 [Test worker] DEBUG org.springframework.test.annotation.ProfileValueUtils - Retrieved ProfileValueSource type [class org.springframework.test.annotation.SystemProfileValueSource] for class [com.dithok.login.LoginApplicationTests]
01:58:08.930 [Test worker] DEBUG org.springframework.test.context.support.AbstractDirtiesContextTestExecutionListener - Before test class: context [DefaultTestContext@1e5543a7 testClass = LoginApplicationTests, testInstance = [null], testMethod = [null], testException = [null], mergedContextConfiguration = [WebMergedContextConfiguration@59d11a7 testClass = LoginApplicationTests, locations = '{}', classes = '{class com.dithok.login.LoginApplication}', contextInitializerClasses = '[]', activeProfiles = '{}', propertySourceLocations = '{}', propertySourceProperties = '{org.springframework.boot.test.context.SpringBootTestContextBootstrapper=true}', contextCustomizers = set[org.springframework.boot.test.autoconfigure.properties.PropertyMappingContextCustomizer@0, org.springframework.boot.test.autoconfigure.web.servlet.WebDriverContextCustomizerFactory$Customizer@5cd7867e, org.springframework.boot.test.context.filter.ExcludeFilterContextCustomizer@113f7765, org.springframework.boot.test.json.DuplicateJsonObjectContextCustomizerFactory$DuplicateJsonObjectContextCustomizer@7a9a5327, org.springframework.boot.test.mock.mockito.MockitoContextCustomizer@0, org.springframework.boot.test.web.client.TestRestTemplateContextCustomizer@5d31ed71], resourceBasePath = 'src/main/webapp', contextLoader = 'org.springframework.boot.test.context.SpringBootContextLoader', parent = [null]], attributes = map['org.springframework.test.context.web.ServletTestExecutionListener.activateListener' -> true]], class annotated with @DirtiesContext [false] with mode [null].
01:58:08.931 [Test worker] DEBUG org.springframework.test.annotation.ProfileValueUtils - Retrieved @ProfileValueSourceConfiguration [null] for test class [com.dithok.login.LoginApplicationTests]
01:58:08.932 [Test worker] DEBUG org.springframework.test.annotation.ProfileValueUtils - Retrieved ProfileValueSource type [class org.springframework.test.annotation.SystemProfileValueSource] for class [com.dithok.login.LoginApplicationTests]
01:58:08.955 [Test worker] DEBUG org.springframework.test.context.support.TestPropertySourceUtils - Adding inlined properties to environment: {spring.jmx.enabled=false, org.springframework.boot.test.context.SpringBootTestContextBootstrapper=true, server.port=-1}

  .   ____          _            __ _ _
 /\\ / ___'_ __ _ _(_)_ __  __ _ \ \ \ \
( ( )\___ | '_ | '_| | '_ \/ _` | \ \ \ \
 \\/  ___)| |_)| | | | | || (_| |  ) ) ) )
  '  |____| .__|_| |_|_| |_\__, | / / / /
 =========|_|==============|___/=/_/_/_/
 :: Spring Boot ::        (v2.1.7.RELEASE)

2019-09-04 01:58:09.371  INFO 11889 --- [    Test worker] com.dithok.login.LoginApplicationTests   : Starting LoginApplicationTests on ruru101 with PID 11889 (started by ruru in /home/ruru/bootcamp/Spring/login)
2019-09-04 01:58:09.374  INFO 11889 --- [    Test worker] com.dithok.login.LoginApplicationTests   : No active profile set, falling back to default profiles: default
2019-09-04 01:58:10.600  INFO 11889 --- [    Test worker] trationDelegate$BeanPostProcessorChecker : Bean 'org.springframework.hateoas.config.HateoasConfiguration' of type [org.springframework.hateoas.config.HateoasConfiguration$$EnhancerBySpringCGLIB$$e808c870] is not eligible for getting processed by all BeanPostProcessors (for example: not eligible for auto-proxying)
2019-09-04 01:58:11.908  INFO 11889 --- [    Test worker] o.s.s.concurrent.ThreadPoolTaskExecutor  : Initializing ExecutorService 'applicationTaskExecutor'
2019-09-04 01:58:12.302  INFO 11889 --- [    Test worker] com.dithok.login.LoginApplicationTests   : Started LoginApplicationTests in 3.339 seconds (JVM running for 4.555)
]]></system-out>
  <system-err><![CDATA[]]></system-err>
</testsuite>
